===========
             2022-12-27 23:18:18.8920 ERROR Crashed when trying to get a post with Id: 1
             System.Exception: I have crashed
   at Api.Controllers.PostController.Get(Int32 id) in /Users/alexandru/Desktop/Projects/RedditClone/Api/Controllers/PostController.cs:line 44 
===========
===========
 2022-12-27 23:19:00.4039 ERROR Crashed when trying to get a post with Id: 1
 
 System.Exception: I have crashed
   at Api.Controllers.PostController.Get(Int32 id) in /Users/alexandru/Desktop/Projects/RedditClone/Api/Controllers/PostController.cs:line 44 
===========
===========
 2022-12-27 23:19:47.9637 ERROR Crashed when trying to get a post with Id: 120
 
 System.Exception: I have crashed
   at Api.Controllers.PostController.Get(Int32 id) in /Users/alexandru/Desktop/Projects/RedditClone/Api/Controllers/PostController.cs:line 44 
===========
---------
 2022-12-27 23:20:34.9614 ERROR Crashed when trying to get a post with Id: 1
 
 System.Exception: I have crashed
   at Api.Controllers.PostController.Get(Int32 id) in /Users/alexandru/Desktop/Projects/RedditClone/Api/Controllers/PostController.cs:line 44 
---------
------------------
 2022-12-27 23:21:37.7925 ERROR Crashed when trying to get a post with Id: 1
 
 System.Exception: I have crashed
   at Api.Controllers.PostController.Get(Int32 id) in /Users/alexandru/Desktop/Projects/RedditClone/Api/Controllers/PostController.cs:line 44 
------------------
------------------
 2022-12-27 23:22:46.3856 INFO Entity Post with ID 12 was not found. 
  
------------------
------------------
 2022-12-27 23:27:54.9556 ERROR System.Exception: sal 
 System.Exception: sal
   at Api.Controllers.PostController.Get() in /Users/alexandru/Desktop/Projects/RedditClone/Api/Controllers/PostController.cs:line 27 
------------------
